<?xml version="1.0" encoding="UTF-8"?>
<testng-results ignored="0" total="1" passed="1" failed="0" skipped="0">
  <reporter-output>
  </reporter-output>
  <suite started-at="2024-08-15T14:14:39 IST" name="Default suite" finished-at="2024-08-15T14:14:39 IST" duration-ms="52">
    <groups>
    </groups>
    <test started-at="2024-08-15T14:14:39 IST" name="Default test" finished-at="2024-08-15T14:14:39 IST" duration-ms="52">
      <class name="ReverseString.prg2">
        <test-method signature="num()[pri:0, instance:ReverseString.prg2@a3d8174]" started-at="2024-08-15T14:14:39 IST" name="num" finished-at="2024-08-15T14:14:39 IST" duration-ms="13" status="PASS">
          <reporter-output>
          </reporter-output>
        </test-method> <!-- num -->
      </class> <!-- ReverseString.prg2 -->
    </test> <!-- Default test -->
  </suite> <!-- Default suite -->
</testng-results>
